<?xml version="1.0" encoding="UTF-8"?>
<coverage generated="1722179687789" clover="3.2.0">
  <project timestamp="1722179687789" name="All files">
    <metrics statements="12" coveredstatements="10" conditionals="8" coveredconditionals="6" methods="1" coveredmethods="1" elements="21" coveredelements="17" complexity="0" loc="12" ncloc="12" packages="1" files="1" classes="1"/>
    <file name="validator.js" path="C:\Users\kolmy\OneDrive\Рабочий стол\nicknames\src\validator.js">
      <metrics statements="12" coveredstatements="10" conditionals="8" coveredconditionals="6" methods="1" coveredmethods="1"/>
      <line num="4" count="10" type="stmt"/>
      <line num="5" count="10" type="cond" truecount="1" falsecount="1"/>
      <line num="6" count="0" type="stmt"/>
      <line num="10" count="10" type="stmt"/>
      <line num="11" count="10" type="cond" truecount="2" falsecount="0"/>
      <line num="12" count="1" type="stmt"/>
      <line num="16" count="9" type="stmt"/>
      <line num="17" count="9" type="cond" truecount="2" falsecount="0"/>
      <line num="18" count="7" type="stmt"/>
      <line num="22" count="2" type="cond" truecount="1" falsecount="1"/>
      <line num="23" count="0" type="stmt"/>
      <line num="26" count="2" type="stmt"/>
    </file>
  </project>
</coverage>
