{"C:\\Users\\kolmy\\OneDrive\\Рабочий стол\\nicknames\\src\\validator.js": {"path":"C:\\Users\\kolmy\\OneDrive\\Рабочий стол\\nicknames\\src\\validator.js","statementMap":{"0":{"start":{"line":3,"column":4},"end":{"line":3,"column":79}}},"fnMap":{"0":{"name":"(anonymous_0)","decl":{"start":{"line":2,"column":2},"end":{"line":2,"column":3}},"loc":{"start":{"line":2,"column":36},"end":{"line":4,"column":3}},"line":2}},"branchMap":{},"s":{"0":7},"f":{"0":7},"b":{},"_coverageSchema":"1a1c01bbd47fc00a2c39e90264f33305004495a9","hash":"3388c59a638dab47048c1c300e1649b2300273c3"}
}
